<?xml version="1.0" encoding="UTF-8"?>
<!-- Generated by org.testng.reporters.JUnitXMLReporter -->
<testsuite hostname="LAPTOP-PI6QVRRF" name="Test" tests="5" failures="0" timestamp="1 Feb 2020 02:37:58 GMT" time="1.199" errors="0">
  <testcase name="patchCheck" time="1.168" classname="restAssured.PatchRequestByRA"/>
  <testcase name="checkGet" time="1.168" classname="restAssured.GetRequestByRA"/>
  <testcase name="checkDelete" time="1.168" classname="restAssured.DeleteRequestByRA"/>
  <testcase name="putCheck" time="1.168" classname="restAssured.PutRequestByRA"/>
  <testcase name="checkPost" time="1.168" classname="restAssured.PostRequestByRA"/>
</testsuite> <!-- Test -->
